-------------------------------------------------------------------------------
Test set: com.example.AppTest
-------------------------------------------------------------------------------
Tests run: 1, Failures: 1, Errors: 0, Skipped: 0, Time elapsed: 56.946 s <<< FAILURE! - in com.example.AppTest
Test(com.example.AppTest)  Time elapsed: 0.015 s  <<< FAILURE!
java.io.FileNotFoundException: c:\Users\sumit\Downloads\dbankdemo.xlsx (The system cannot find the path specified)
	at com.example.AppTest.Test(AppTest.java:136)

