<?xml version="1.0" encoding="UTF-8"?>
<!-- Generated by org.testng.reporters.JUnitXMLReporter -->
<testsuite ignored="0" hostname="LAPTOP-BRIVNB7M" failures="2" tests="2" name="Surefire test" time="50.445" errors="0" timestamp="2024-04-27T15:42:27 IST">
  <testcase classname="com.example.AppTest" name="testCase1" time="0.165">
    <failure type="java.io.FileNotFoundException" message="C:\Users\91701\Downloads\input for websites.xlsx (The system cannot find the path specified)">
      <![CDATA[java.io.FileNotFoundException: C:\Users\91701\Downloads\input for websites.xlsx (The system cannot find the path specified)
at java.base/java.io.FileInputStream.open0(Native Method)
at java.base/java.io.FileInputStream.open(FileInputStream.java:216)
at java.base/java.io.FileInputStream.<init>(FileInputStream.java:157)
at java.base/java.io.FileInputStream.<init>(FileInputStream.java:111)
at com.example.AppTest.testCase1(AppTest.java:40)
at java.base/java.util.ArrayList.forEach(ArrayList.java:1511)
... Removed 32 stack frames]]>
    </failure>
  </testcase> <!-- testCase1 -->
  <testcase classname="com.example.AppTest" name="testCase2" time="43.665">
    <failure type="org.openqa.selenium.WebDriverException" message="Remote browser did not respond to getCurrentUrl
Build info: version: &amp;apos;4.19.1&amp;apos;, revision: &amp;apos;abe0ee07dc&amp;apos;
System info: os.name: &amp;apos;Windows 11&amp;apos;, os.arch: &amp;apos;amd64&amp;apos;, os.version: &amp;apos;10.0&amp;apos;, java.version: &amp;apos;17.0.10&amp;apos;
Driver info: driver.version: RemoteWebDriver">
      <![CDATA[org.openqa.selenium.WebDriverException: Remote browser did not respond to getCurrentUrl
Build info: version: '4.19.1', revision: 'abe0ee07dc'
System info: os.name: 'Windows 11', os.arch: 'amd64', os.version: '10.0', java.version: '17.0.10'
Driver info: driver.version: RemoteWebDriver
at org.openqa.selenium.remote.RemoteWebDriver.getCurrentUrl(RemoteWebDriver.java:314)
at com.example.AppTest.testCase2(AppTest.java:102)
at java.base/java.util.ArrayList.forEach(ArrayList.java:1511)
... Removed 32 stack frames]]>
    </failure>
  </testcase> <!-- testCase2 -->
</testsuite> <!-- Surefire test -->
