<?xml version="1.0" encoding="UTF-8"?>
<!-- Generated by org.testng.reporters.JUnitXMLReporter -->
<testsuite ignored="0" hostname="LAPTOP-BRIVNB7M" failures="1" tests="1" name="Surefire test" time="56.507" errors="0" timestamp="2024-04-27T16:07:06 IST">
  <testcase classname="com.example.AppTest" name="Test" time="0.001">
    <failure type="java.io.FileNotFoundException" message="c:\Users\sumit\Downloads\dbankdemo.xlsx (The system cannot find the path specified)">
      <![CDATA[java.io.FileNotFoundException: c:\Users\sumit\Downloads\dbankdemo.xlsx (The system cannot find the path specified)
at java.base/java.io.FileInputStream.open0(Native Method)
at java.base/java.io.FileInputStream.open(FileInputStream.java:216)
at java.base/java.io.FileInputStream.<init>(FileInputStream.java:157)
at java.base/java.io.FileInputStream.<init>(FileInputStream.java:111)
at com.example.AppTest.Test(AppTest.java:136)
at java.base/java.util.ArrayList.forEach(ArrayList.java:1511)
... Removed 32 stack frames]]>
    </failure>
  </testcase> <!-- Test -->
</testsuite> <!-- Surefire test -->
